<?xml version="1.0" encoding="UTF-8"?>
<testsuite name="E:/IntelliJ_Folder/ATB6X_API_Automation_Framework"
           tests="2"
           failures="0"
           errors="0"
           skipped="0"
           time="5.315">
    <properties></properties>



            <testcase
                name="testCreateBooking"
                time="3.948"
                classname="com.thetestingacademy.Tests.CRUD.testCreateBookingPost">
            </testcase>
            <testcase
                name="testCreateNegativeBooking"
                time="1.367"
                classname="com.thetestingacademy.Tests.CRUD.testCreateBookingPost">
            </testcase>
</testsuite>
